<?xml version="1.0" encoding="UTF-8"?>
<testng-results ignored="0" total="1" passed="1" failed="0" skipped="0">
  <reporter-output>
  </reporter-output>
  <suite started-at="2023-08-01T14:18:23 IST" name="Surefire suite" finished-at="2023-08-01T14:19:36 IST" duration-ms="72768">
    <groups>
    </groups>
    <test started-at="2023-08-01T14:18:23 IST" name="Surefire test" finished-at="2023-08-01T14:19:36 IST" duration-ms="72768">
      <class name="frame.appium_case">
        <test-method is-config="true" signature="bt()[pri:0, instance:frame.appium_case@69453e37]" started-at="2023-08-01T14:18:23 IST" name="bt" finished-at="2023-08-01T14:18:49 IST" duration-ms="26213" status="PASS">
          <reporter-output>
          </reporter-output>
        </test-method> <!-- bt -->
        <test-method signature="tc1()[pri:0, instance:frame.appium_case@69453e37]" started-at="2023-08-01T14:18:49 IST" name="tc1" finished-at="2023-08-01T14:19:36 IST" duration-ms="46479" status="PASS">
          <reporter-output>
          </reporter-output>
        </test-method> <!-- tc1 -->
      </class> <!-- frame.appium_case -->
    </test> <!-- Surefire test -->
  </suite> <!-- Surefire suite -->
</testng-results>
