<?xml version="1.0" encoding="UTF-8"?>
<testng-results ignored="0" total="1" passed="1" failed="0" skipped="0">
  <reporter-output>
  </reporter-output>
  <suite started-at="2023-08-02T15:11:29 IST" name="Default suite" finished-at="2023-08-02T15:12:33 IST" duration-ms="63825">
    <groups>
    </groups>
    <test started-at="2023-08-02T15:11:29 IST" name="Default test" finished-at="2023-08-02T15:12:33 IST" duration-ms="63825">
      <class name="frame.appium_case">
        <test-method is-config="true" signature="bt()[pri:0, instance:frame.appium_case@7e5afaa6]" started-at="2023-08-02T15:11:29 IST" name="bt" finished-at="2023-08-02T15:11:54 IST" duration-ms="24192" status="PASS">
          <reporter-output>
          </reporter-output>
        </test-method> <!-- bt -->
        <test-method signature="tc1()[pri:0, instance:frame.appium_case@7e5afaa6]" started-at="2023-08-02T15:11:54 IST" name="tc1" finished-at="2023-08-02T15:12:33 IST" duration-ms="39568" status="PASS">
          <reporter-output>
          </reporter-output>
        </test-method> <!-- tc1 -->
      </class> <!-- frame.appium_case -->
    </test> <!-- Default test -->
  </suite> <!-- Default suite -->
</testng-results>
